[2022-10-10T15:55:43.672+0600] {processor.py:156} INFO - Started process (PID=434) to work on /d/Saima/Data-Engineering/Apache-Airflow/DAG/dags/aqm_etl_dimension_total_data_extractor_mariadb_column_store.py
[2022-10-10T15:55:43.673+0600] {processor.py:758} INFO - Processing file /d/Saima/Data-Engineering/Apache-Airflow/DAG/dags/aqm_etl_dimension_total_data_extractor_mariadb_column_store.py for tasks to queue
[2022-10-10T15:55:43.673+0600] {logging_mixin.py:117} INFO - [2022-10-10T15:55:43.673+0600] {dagbag.py:525} INFO - Filling up the DagBag from /d/Saima/Data-Engineering/Apache-Airflow/DAG/dags/aqm_etl_dimension_total_data_extractor_mariadb_column_store.py
[2022-10-10T15:55:43.692+0600] {logging_mixin.py:117} INFO - [2022-10-10T15:55:43.690+0600] {dagbag.py:330} ERROR - Failed to import: /d/Saima/Data-Engineering/Apache-Airflow/DAG/dags/aqm_etl_dimension_total_data_extractor_mariadb_column_store.py
Traceback (most recent call last):
  File "/home/saima/.local/lib/python3.10/site-packages/airflow/models/dagbag.py", line 326, in parse
    loader.exec_module(new_module)
  File "<frozen importlib._bootstrap_external>", line 883, in exec_module
  File "<frozen importlib._bootstrap>", line 241, in _call_with_frames_removed
  File "/d/Saima/Data-Engineering/Apache-Airflow/DAG/dags/aqm_etl_dimension_total_data_extractor_mariadb_column_store.py", line 9, in <module>
    from airflow.operators.mysql_operator import MySqlOperator
  File "/home/saima/.local/lib/python3.10/site-packages/airflow/utils/deprecation_tools.py", line 36, in getattr_with_deprecation
    return getattr(importlib.import_module(new_module), new_class_name)
  File "/usr/lib/python3.10/importlib/__init__.py", line 126, in import_module
    return _bootstrap._gcd_import(name[level:], package, level)
  File "<frozen importlib._bootstrap>", line 1050, in _gcd_import
  File "<frozen importlib._bootstrap>", line 1027, in _find_and_load
  File "<frozen importlib._bootstrap>", line 992, in _find_and_load_unlocked
  File "<frozen importlib._bootstrap>", line 241, in _call_with_frames_removed
  File "<frozen importlib._bootstrap>", line 1050, in _gcd_import
  File "<frozen importlib._bootstrap>", line 1027, in _find_and_load
  File "<frozen importlib._bootstrap>", line 992, in _find_and_load_unlocked
  File "<frozen importlib._bootstrap>", line 241, in _call_with_frames_removed
  File "<frozen importlib._bootstrap>", line 1050, in _gcd_import
  File "<frozen importlib._bootstrap>", line 1027, in _find_and_load
  File "<frozen importlib._bootstrap>", line 1004, in _find_and_load_unlocked
ModuleNotFoundError: No module named 'airflow.providers.mysql'
[2022-10-10T15:55:43.692+0600] {processor.py:770} WARNING - No viable dags retrieved from /d/Saima/Data-Engineering/Apache-Airflow/DAG/dags/aqm_etl_dimension_total_data_extractor_mariadb_column_store.py
[2022-10-10T15:55:43.712+0600] {processor.py:178} INFO - Processing /d/Saima/Data-Engineering/Apache-Airflow/DAG/dags/aqm_etl_dimension_total_data_extractor_mariadb_column_store.py took 0.045 seconds
[2022-10-10T15:56:15.294+0600] {processor.py:156} INFO - Started process (PID=458) to work on /d/Saima/Data-Engineering/Apache-Airflow/DAG/dags/aqm_etl_dimension_total_data_extractor_mariadb_column_store.py
[2022-10-10T15:56:15.295+0600] {processor.py:758} INFO - Processing file /d/Saima/Data-Engineering/Apache-Airflow/DAG/dags/aqm_etl_dimension_total_data_extractor_mariadb_column_store.py for tasks to queue
[2022-10-10T15:56:15.296+0600] {logging_mixin.py:117} INFO - [2022-10-10T15:56:15.295+0600] {dagbag.py:525} INFO - Filling up the DagBag from /d/Saima/Data-Engineering/Apache-Airflow/DAG/dags/aqm_etl_dimension_total_data_extractor_mariadb_column_store.py
[2022-10-10T15:56:15.314+0600] {logging_mixin.py:117} INFO - [2022-10-10T15:56:15.311+0600] {dagbag.py:330} ERROR - Failed to import: /d/Saima/Data-Engineering/Apache-Airflow/DAG/dags/aqm_etl_dimension_total_data_extractor_mariadb_column_store.py
Traceback (most recent call last):
  File "/home/saima/.local/lib/python3.10/site-packages/airflow/models/dagbag.py", line 326, in parse
    loader.exec_module(new_module)
  File "<frozen importlib._bootstrap_external>", line 883, in exec_module
  File "<frozen importlib._bootstrap>", line 241, in _call_with_frames_removed
  File "/d/Saima/Data-Engineering/Apache-Airflow/DAG/dags/aqm_etl_dimension_total_data_extractor_mariadb_column_store.py", line 9, in <module>
    from airflow.operators.mysql_operator import MySqlOperator
  File "/home/saima/.local/lib/python3.10/site-packages/airflow/utils/deprecation_tools.py", line 36, in getattr_with_deprecation
    return getattr(importlib.import_module(new_module), new_class_name)
  File "/usr/lib/python3.10/importlib/__init__.py", line 126, in import_module
    return _bootstrap._gcd_import(name[level:], package, level)
  File "<frozen importlib._bootstrap>", line 1050, in _gcd_import
  File "<frozen importlib._bootstrap>", line 1027, in _find_and_load
  File "<frozen importlib._bootstrap>", line 992, in _find_and_load_unlocked
  File "<frozen importlib._bootstrap>", line 241, in _call_with_frames_removed
  File "<frozen importlib._bootstrap>", line 1050, in _gcd_import
  File "<frozen importlib._bootstrap>", line 1027, in _find_and_load
  File "<frozen importlib._bootstrap>", line 992, in _find_and_load_unlocked
  File "<frozen importlib._bootstrap>", line 241, in _call_with_frames_removed
  File "<frozen importlib._bootstrap>", line 1050, in _gcd_import
  File "<frozen importlib._bootstrap>", line 1027, in _find_and_load
  File "<frozen importlib._bootstrap>", line 1004, in _find_and_load_unlocked
ModuleNotFoundError: No module named 'airflow.providers.mysql'
[2022-10-10T15:56:15.314+0600] {processor.py:770} WARNING - No viable dags retrieved from /d/Saima/Data-Engineering/Apache-Airflow/DAG/dags/aqm_etl_dimension_total_data_extractor_mariadb_column_store.py
[2022-10-10T15:56:15.337+0600] {processor.py:178} INFO - Processing /d/Saima/Data-Engineering/Apache-Airflow/DAG/dags/aqm_etl_dimension_total_data_extractor_mariadb_column_store.py took 0.048 seconds
[2022-10-10T15:56:45.818+0600] {processor.py:156} INFO - Started process (PID=482) to work on /d/Saima/Data-Engineering/Apache-Airflow/DAG/dags/aqm_etl_dimension_total_data_extractor_mariadb_column_store.py
[2022-10-10T15:56:45.819+0600] {processor.py:758} INFO - Processing file /d/Saima/Data-Engineering/Apache-Airflow/DAG/dags/aqm_etl_dimension_total_data_extractor_mariadb_column_store.py for tasks to queue
[2022-10-10T15:56:45.820+0600] {logging_mixin.py:117} INFO - [2022-10-10T15:56:45.820+0600] {dagbag.py:525} INFO - Filling up the DagBag from /d/Saima/Data-Engineering/Apache-Airflow/DAG/dags/aqm_etl_dimension_total_data_extractor_mariadb_column_store.py
[2022-10-10T15:56:45.837+0600] {logging_mixin.py:117} INFO - [2022-10-10T15:56:45.836+0600] {dagbag.py:330} ERROR - Failed to import: /d/Saima/Data-Engineering/Apache-Airflow/DAG/dags/aqm_etl_dimension_total_data_extractor_mariadb_column_store.py
Traceback (most recent call last):
  File "/home/saima/.local/lib/python3.10/site-packages/airflow/models/dagbag.py", line 326, in parse
    loader.exec_module(new_module)
  File "<frozen importlib._bootstrap_external>", line 883, in exec_module
  File "<frozen importlib._bootstrap>", line 241, in _call_with_frames_removed
  File "/d/Saima/Data-Engineering/Apache-Airflow/DAG/dags/aqm_etl_dimension_total_data_extractor_mariadb_column_store.py", line 9, in <module>
    from airflow.operators.mysql_operator import MySqlOperator
  File "/home/saima/.local/lib/python3.10/site-packages/airflow/utils/deprecation_tools.py", line 36, in getattr_with_deprecation
    return getattr(importlib.import_module(new_module), new_class_name)
  File "/usr/lib/python3.10/importlib/__init__.py", line 126, in import_module
    return _bootstrap._gcd_import(name[level:], package, level)
  File "<frozen importlib._bootstrap>", line 1050, in _gcd_import
  File "<frozen importlib._bootstrap>", line 1027, in _find_and_load
  File "<frozen importlib._bootstrap>", line 992, in _find_and_load_unlocked
  File "<frozen importlib._bootstrap>", line 241, in _call_with_frames_removed
  File "<frozen importlib._bootstrap>", line 1050, in _gcd_import
  File "<frozen importlib._bootstrap>", line 1027, in _find_and_load
  File "<frozen importlib._bootstrap>", line 992, in _find_and_load_unlocked
  File "<frozen importlib._bootstrap>", line 241, in _call_with_frames_removed
  File "<frozen importlib._bootstrap>", line 1050, in _gcd_import
  File "<frozen importlib._bootstrap>", line 1027, in _find_and_load
  File "<frozen importlib._bootstrap>", line 1004, in _find_and_load_unlocked
ModuleNotFoundError: No module named 'airflow.providers.mysql'
[2022-10-10T15:56:45.838+0600] {processor.py:770} WARNING - No viable dags retrieved from /d/Saima/Data-Engineering/Apache-Airflow/DAG/dags/aqm_etl_dimension_total_data_extractor_mariadb_column_store.py
[2022-10-10T15:56:45.861+0600] {processor.py:178} INFO - Processing /d/Saima/Data-Engineering/Apache-Airflow/DAG/dags/aqm_etl_dimension_total_data_extractor_mariadb_column_store.py took 0.045 seconds
[2022-10-10T15:57:16.239+0600] {processor.py:156} INFO - Started process (PID=506) to work on /d/Saima/Data-Engineering/Apache-Airflow/DAG/dags/aqm_etl_dimension_total_data_extractor_mariadb_column_store.py
[2022-10-10T15:57:16.239+0600] {processor.py:758} INFO - Processing file /d/Saima/Data-Engineering/Apache-Airflow/DAG/dags/aqm_etl_dimension_total_data_extractor_mariadb_column_store.py for tasks to queue
[2022-10-10T15:57:16.240+0600] {logging_mixin.py:117} INFO - [2022-10-10T15:57:16.240+0600] {dagbag.py:525} INFO - Filling up the DagBag from /d/Saima/Data-Engineering/Apache-Airflow/DAG/dags/aqm_etl_dimension_total_data_extractor_mariadb_column_store.py
[2022-10-10T15:57:16.258+0600] {logging_mixin.py:117} INFO - [2022-10-10T15:57:16.256+0600] {dagbag.py:330} ERROR - Failed to import: /d/Saima/Data-Engineering/Apache-Airflow/DAG/dags/aqm_etl_dimension_total_data_extractor_mariadb_column_store.py
Traceback (most recent call last):
  File "/home/saima/.local/lib/python3.10/site-packages/airflow/models/dagbag.py", line 326, in parse
    loader.exec_module(new_module)
  File "<frozen importlib._bootstrap_external>", line 883, in exec_module
  File "<frozen importlib._bootstrap>", line 241, in _call_with_frames_removed
  File "/d/Saima/Data-Engineering/Apache-Airflow/DAG/dags/aqm_etl_dimension_total_data_extractor_mariadb_column_store.py", line 9, in <module>
    from airflow.operators.mysql_operator import MySqlOperator
  File "/home/saima/.local/lib/python3.10/site-packages/airflow/utils/deprecation_tools.py", line 36, in getattr_with_deprecation
    return getattr(importlib.import_module(new_module), new_class_name)
  File "/usr/lib/python3.10/importlib/__init__.py", line 126, in import_module
    return _bootstrap._gcd_import(name[level:], package, level)
  File "<frozen importlib._bootstrap>", line 1050, in _gcd_import
  File "<frozen importlib._bootstrap>", line 1027, in _find_and_load
  File "<frozen importlib._bootstrap>", line 992, in _find_and_load_unlocked
  File "<frozen importlib._bootstrap>", line 241, in _call_with_frames_removed
  File "<frozen importlib._bootstrap>", line 1050, in _gcd_import
  File "<frozen importlib._bootstrap>", line 1027, in _find_and_load
  File "<frozen importlib._bootstrap>", line 992, in _find_and_load_unlocked
  File "<frozen importlib._bootstrap>", line 241, in _call_with_frames_removed
  File "<frozen importlib._bootstrap>", line 1050, in _gcd_import
  File "<frozen importlib._bootstrap>", line 1027, in _find_and_load
  File "<frozen importlib._bootstrap>", line 1004, in _find_and_load_unlocked
ModuleNotFoundError: No module named 'airflow.providers.mysql'
[2022-10-10T15:57:16.258+0600] {processor.py:770} WARNING - No viable dags retrieved from /d/Saima/Data-Engineering/Apache-Airflow/DAG/dags/aqm_etl_dimension_total_data_extractor_mariadb_column_store.py
[2022-10-10T15:57:16.281+0600] {processor.py:178} INFO - Processing /d/Saima/Data-Engineering/Apache-Airflow/DAG/dags/aqm_etl_dimension_total_data_extractor_mariadb_column_store.py took 0.046 seconds
[2022-10-10T15:57:47.240+0600] {processor.py:156} INFO - Started process (PID=530) to work on /d/Saima/Data-Engineering/Apache-Airflow/DAG/dags/aqm_etl_dimension_total_data_extractor_mariadb_column_store.py
[2022-10-10T15:57:47.242+0600] {processor.py:758} INFO - Processing file /d/Saima/Data-Engineering/Apache-Airflow/DAG/dags/aqm_etl_dimension_total_data_extractor_mariadb_column_store.py for tasks to queue
[2022-10-10T15:57:47.244+0600] {logging_mixin.py:117} INFO - [2022-10-10T15:57:47.243+0600] {dagbag.py:525} INFO - Filling up the DagBag from /d/Saima/Data-Engineering/Apache-Airflow/DAG/dags/aqm_etl_dimension_total_data_extractor_mariadb_column_store.py
[2022-10-10T15:57:47.279+0600] {logging_mixin.py:117} INFO - [2022-10-10T15:57:47.276+0600] {dagbag.py:330} ERROR - Failed to import: /d/Saima/Data-Engineering/Apache-Airflow/DAG/dags/aqm_etl_dimension_total_data_extractor_mariadb_column_store.py
Traceback (most recent call last):
  File "/home/saima/.local/lib/python3.10/site-packages/airflow/models/dagbag.py", line 326, in parse
    loader.exec_module(new_module)
  File "<frozen importlib._bootstrap_external>", line 883, in exec_module
  File "<frozen importlib._bootstrap>", line 241, in _call_with_frames_removed
  File "/d/Saima/Data-Engineering/Apache-Airflow/DAG/dags/aqm_etl_dimension_total_data_extractor_mariadb_column_store.py", line 9, in <module>
    from airflow.operators.mysql_operator import MySqlOperator
  File "/home/saima/.local/lib/python3.10/site-packages/airflow/utils/deprecation_tools.py", line 36, in getattr_with_deprecation
    return getattr(importlib.import_module(new_module), new_class_name)
  File "/usr/lib/python3.10/importlib/__init__.py", line 126, in import_module
    return _bootstrap._gcd_import(name[level:], package, level)
  File "<frozen importlib._bootstrap>", line 1050, in _gcd_import
  File "<frozen importlib._bootstrap>", line 1027, in _find_and_load
  File "<frozen importlib._bootstrap>", line 992, in _find_and_load_unlocked
  File "<frozen importlib._bootstrap>", line 241, in _call_with_frames_removed
  File "<frozen importlib._bootstrap>", line 1050, in _gcd_import
  File "<frozen importlib._bootstrap>", line 1027, in _find_and_load
  File "<frozen importlib._bootstrap>", line 992, in _find_and_load_unlocked
  File "<frozen importlib._bootstrap>", line 241, in _call_with_frames_removed
  File "<frozen importlib._bootstrap>", line 1050, in _gcd_import
  File "<frozen importlib._bootstrap>", line 1027, in _find_and_load
  File "<frozen importlib._bootstrap>", line 1004, in _find_and_load_unlocked
ModuleNotFoundError: No module named 'airflow.providers.mysql'
[2022-10-10T15:57:47.279+0600] {processor.py:770} WARNING - No viable dags retrieved from /d/Saima/Data-Engineering/Apache-Airflow/DAG/dags/aqm_etl_dimension_total_data_extractor_mariadb_column_store.py
[2022-10-10T15:57:47.304+0600] {processor.py:178} INFO - Processing /d/Saima/Data-Engineering/Apache-Airflow/DAG/dags/aqm_etl_dimension_total_data_extractor_mariadb_column_store.py took 0.074 seconds
[2022-10-10T15:58:17.785+0600] {processor.py:156} INFO - Started process (PID=554) to work on /d/Saima/Data-Engineering/Apache-Airflow/DAG/dags/aqm_etl_dimension_total_data_extractor_mariadb_column_store.py
[2022-10-10T15:58:17.786+0600] {processor.py:758} INFO - Processing file /d/Saima/Data-Engineering/Apache-Airflow/DAG/dags/aqm_etl_dimension_total_data_extractor_mariadb_column_store.py for tasks to queue
[2022-10-10T15:58:17.787+0600] {logging_mixin.py:117} INFO - [2022-10-10T15:58:17.786+0600] {dagbag.py:525} INFO - Filling up the DagBag from /d/Saima/Data-Engineering/Apache-Airflow/DAG/dags/aqm_etl_dimension_total_data_extractor_mariadb_column_store.py
[2022-10-10T15:58:17.805+0600] {logging_mixin.py:117} INFO - [2022-10-10T15:58:17.803+0600] {dagbag.py:330} ERROR - Failed to import: /d/Saima/Data-Engineering/Apache-Airflow/DAG/dags/aqm_etl_dimension_total_data_extractor_mariadb_column_store.py
Traceback (most recent call last):
  File "/home/saima/.local/lib/python3.10/site-packages/airflow/models/dagbag.py", line 326, in parse
    loader.exec_module(new_module)
  File "<frozen importlib._bootstrap_external>", line 883, in exec_module
  File "<frozen importlib._bootstrap>", line 241, in _call_with_frames_removed
  File "/d/Saima/Data-Engineering/Apache-Airflow/DAG/dags/aqm_etl_dimension_total_data_extractor_mariadb_column_store.py", line 9, in <module>
    from airflow.operators.mysql_operator import MySqlOperator
  File "/home/saima/.local/lib/python3.10/site-packages/airflow/utils/deprecation_tools.py", line 36, in getattr_with_deprecation
    return getattr(importlib.import_module(new_module), new_class_name)
  File "/usr/lib/python3.10/importlib/__init__.py", line 126, in import_module
    return _bootstrap._gcd_import(name[level:], package, level)
  File "<frozen importlib._bootstrap>", line 1050, in _gcd_import
  File "<frozen importlib._bootstrap>", line 1027, in _find_and_load
  File "<frozen importlib._bootstrap>", line 992, in _find_and_load_unlocked
  File "<frozen importlib._bootstrap>", line 241, in _call_with_frames_removed
  File "<frozen importlib._bootstrap>", line 1050, in _gcd_import
  File "<frozen importlib._bootstrap>", line 1027, in _find_and_load
  File "<frozen importlib._bootstrap>", line 992, in _find_and_load_unlocked
  File "<frozen importlib._bootstrap>", line 241, in _call_with_frames_removed
  File "<frozen importlib._bootstrap>", line 1050, in _gcd_import
  File "<frozen importlib._bootstrap>", line 1027, in _find_and_load
  File "<frozen importlib._bootstrap>", line 1004, in _find_and_load_unlocked
ModuleNotFoundError: No module named 'airflow.providers.mysql'
[2022-10-10T15:58:17.805+0600] {processor.py:770} WARNING - No viable dags retrieved from /d/Saima/Data-Engineering/Apache-Airflow/DAG/dags/aqm_etl_dimension_total_data_extractor_mariadb_column_store.py
[2022-10-10T15:58:17.828+0600] {processor.py:178} INFO - Processing /d/Saima/Data-Engineering/Apache-Airflow/DAG/dags/aqm_etl_dimension_total_data_extractor_mariadb_column_store.py took 0.046 seconds
[2022-10-10T15:58:48.674+0600] {processor.py:156} INFO - Started process (PID=578) to work on /d/Saima/Data-Engineering/Apache-Airflow/DAG/dags/aqm_etl_dimension_total_data_extractor_mariadb_column_store.py
[2022-10-10T15:58:48.675+0600] {processor.py:758} INFO - Processing file /d/Saima/Data-Engineering/Apache-Airflow/DAG/dags/aqm_etl_dimension_total_data_extractor_mariadb_column_store.py for tasks to queue
[2022-10-10T15:58:48.676+0600] {logging_mixin.py:117} INFO - [2022-10-10T15:58:48.676+0600] {dagbag.py:525} INFO - Filling up the DagBag from /d/Saima/Data-Engineering/Apache-Airflow/DAG/dags/aqm_etl_dimension_total_data_extractor_mariadb_column_store.py
[2022-10-10T15:58:48.694+0600] {logging_mixin.py:117} INFO - [2022-10-10T15:58:48.692+0600] {dagbag.py:330} ERROR - Failed to import: /d/Saima/Data-Engineering/Apache-Airflow/DAG/dags/aqm_etl_dimension_total_data_extractor_mariadb_column_store.py
Traceback (most recent call last):
  File "/home/saima/.local/lib/python3.10/site-packages/airflow/models/dagbag.py", line 326, in parse
    loader.exec_module(new_module)
  File "<frozen importlib._bootstrap_external>", line 883, in exec_module
  File "<frozen importlib._bootstrap>", line 241, in _call_with_frames_removed
  File "/d/Saima/Data-Engineering/Apache-Airflow/DAG/dags/aqm_etl_dimension_total_data_extractor_mariadb_column_store.py", line 9, in <module>
    from airflow.operators.mysql_operator import MySqlOperator
  File "/home/saima/.local/lib/python3.10/site-packages/airflow/utils/deprecation_tools.py", line 36, in getattr_with_deprecation
    return getattr(importlib.import_module(new_module), new_class_name)
  File "/usr/lib/python3.10/importlib/__init__.py", line 126, in import_module
    return _bootstrap._gcd_import(name[level:], package, level)
  File "<frozen importlib._bootstrap>", line 1050, in _gcd_import
  File "<frozen importlib._bootstrap>", line 1027, in _find_and_load
  File "<frozen importlib._bootstrap>", line 992, in _find_and_load_unlocked
  File "<frozen importlib._bootstrap>", line 241, in _call_with_frames_removed
  File "<frozen importlib._bootstrap>", line 1050, in _gcd_import
  File "<frozen importlib._bootstrap>", line 1027, in _find_and_load
  File "<frozen importlib._bootstrap>", line 992, in _find_and_load_unlocked
  File "<frozen importlib._bootstrap>", line 241, in _call_with_frames_removed
  File "<frozen importlib._bootstrap>", line 1050, in _gcd_import
  File "<frozen importlib._bootstrap>", line 1027, in _find_and_load
  File "<frozen importlib._bootstrap>", line 1004, in _find_and_load_unlocked
ModuleNotFoundError: No module named 'airflow.providers.mysql'
[2022-10-10T15:58:48.694+0600] {processor.py:770} WARNING - No viable dags retrieved from /d/Saima/Data-Engineering/Apache-Airflow/DAG/dags/aqm_etl_dimension_total_data_extractor_mariadb_column_store.py
[2022-10-10T15:58:48.716+0600] {processor.py:178} INFO - Processing /d/Saima/Data-Engineering/Apache-Airflow/DAG/dags/aqm_etl_dimension_total_data_extractor_mariadb_column_store.py took 0.045 seconds
