[2022-10-10T15:55:41.722+0600] {processor.py:156} INFO - Started process (PID=432) to work on /d/Saima/Data-Engineering/Apache-Airflow/DAG/dags/aqm_etl_data_extractor_mariadb_column_store_part_2.py
[2022-10-10T15:55:41.723+0600] {processor.py:758} INFO - Processing file /d/Saima/Data-Engineering/Apache-Airflow/DAG/dags/aqm_etl_data_extractor_mariadb_column_store_part_2.py for tasks to queue
[2022-10-10T15:55:41.723+0600] {logging_mixin.py:117} INFO - [2022-10-10T15:55:41.723+0600] {dagbag.py:525} INFO - Filling up the DagBag from /d/Saima/Data-Engineering/Apache-Airflow/DAG/dags/aqm_etl_data_extractor_mariadb_column_store_part_2.py
[2022-10-10T15:55:41.744+0600] {logging_mixin.py:117} INFO - [2022-10-10T15:55:41.742+0600] {dagbag.py:330} ERROR - Failed to import: /d/Saima/Data-Engineering/Apache-Airflow/DAG/dags/aqm_etl_data_extractor_mariadb_column_store_part_2.py
Traceback (most recent call last):
  File "/home/saima/.local/lib/python3.10/site-packages/airflow/models/dagbag.py", line 326, in parse
    loader.exec_module(new_module)
  File "<frozen importlib._bootstrap_external>", line 883, in exec_module
  File "<frozen importlib._bootstrap>", line 241, in _call_with_frames_removed
  File "/d/Saima/Data-Engineering/Apache-Airflow/DAG/dags/aqm_etl_data_extractor_mariadb_column_store_part_2.py", line 9, in <module>
    from airflow.operators.mysql_operator import MySqlOperator
  File "/home/saima/.local/lib/python3.10/site-packages/airflow/utils/deprecation_tools.py", line 36, in getattr_with_deprecation
    return getattr(importlib.import_module(new_module), new_class_name)
  File "/usr/lib/python3.10/importlib/__init__.py", line 126, in import_module
    return _bootstrap._gcd_import(name[level:], package, level)
  File "<frozen importlib._bootstrap>", line 1050, in _gcd_import
  File "<frozen importlib._bootstrap>", line 1027, in _find_and_load
  File "<frozen importlib._bootstrap>", line 992, in _find_and_load_unlocked
  File "<frozen importlib._bootstrap>", line 241, in _call_with_frames_removed
  File "<frozen importlib._bootstrap>", line 1050, in _gcd_import
  File "<frozen importlib._bootstrap>", line 1027, in _find_and_load
  File "<frozen importlib._bootstrap>", line 992, in _find_and_load_unlocked
  File "<frozen importlib._bootstrap>", line 241, in _call_with_frames_removed
  File "<frozen importlib._bootstrap>", line 1050, in _gcd_import
  File "<frozen importlib._bootstrap>", line 1027, in _find_and_load
  File "<frozen importlib._bootstrap>", line 1004, in _find_and_load_unlocked
ModuleNotFoundError: No module named 'airflow.providers.mysql'
[2022-10-10T15:55:41.744+0600] {processor.py:770} WARNING - No viable dags retrieved from /d/Saima/Data-Engineering/Apache-Airflow/DAG/dags/aqm_etl_data_extractor_mariadb_column_store_part_2.py
[2022-10-10T15:55:41.764+0600] {processor.py:178} INFO - Processing /d/Saima/Data-Engineering/Apache-Airflow/DAG/dags/aqm_etl_data_extractor_mariadb_column_store_part_2.py took 0.048 seconds
[2022-10-10T15:56:12.925+0600] {processor.py:156} INFO - Started process (PID=456) to work on /d/Saima/Data-Engineering/Apache-Airflow/DAG/dags/aqm_etl_data_extractor_mariadb_column_store_part_2.py
[2022-10-10T15:56:12.925+0600] {processor.py:758} INFO - Processing file /d/Saima/Data-Engineering/Apache-Airflow/DAG/dags/aqm_etl_data_extractor_mariadb_column_store_part_2.py for tasks to queue
[2022-10-10T15:56:12.926+0600] {logging_mixin.py:117} INFO - [2022-10-10T15:56:12.926+0600] {dagbag.py:525} INFO - Filling up the DagBag from /d/Saima/Data-Engineering/Apache-Airflow/DAG/dags/aqm_etl_data_extractor_mariadb_column_store_part_2.py
[2022-10-10T15:56:12.944+0600] {logging_mixin.py:117} INFO - [2022-10-10T15:56:12.942+0600] {dagbag.py:330} ERROR - Failed to import: /d/Saima/Data-Engineering/Apache-Airflow/DAG/dags/aqm_etl_data_extractor_mariadb_column_store_part_2.py
Traceback (most recent call last):
  File "/home/saima/.local/lib/python3.10/site-packages/airflow/models/dagbag.py", line 326, in parse
    loader.exec_module(new_module)
  File "<frozen importlib._bootstrap_external>", line 883, in exec_module
  File "<frozen importlib._bootstrap>", line 241, in _call_with_frames_removed
  File "/d/Saima/Data-Engineering/Apache-Airflow/DAG/dags/aqm_etl_data_extractor_mariadb_column_store_part_2.py", line 9, in <module>
    from airflow.operators.mysql_operator import MySqlOperator
  File "/home/saima/.local/lib/python3.10/site-packages/airflow/utils/deprecation_tools.py", line 36, in getattr_with_deprecation
    return getattr(importlib.import_module(new_module), new_class_name)
  File "/usr/lib/python3.10/importlib/__init__.py", line 126, in import_module
    return _bootstrap._gcd_import(name[level:], package, level)
  File "<frozen importlib._bootstrap>", line 1050, in _gcd_import
  File "<frozen importlib._bootstrap>", line 1027, in _find_and_load
  File "<frozen importlib._bootstrap>", line 992, in _find_and_load_unlocked
  File "<frozen importlib._bootstrap>", line 241, in _call_with_frames_removed
  File "<frozen importlib._bootstrap>", line 1050, in _gcd_import
  File "<frozen importlib._bootstrap>", line 1027, in _find_and_load
  File "<frozen importlib._bootstrap>", line 992, in _find_and_load_unlocked
  File "<frozen importlib._bootstrap>", line 241, in _call_with_frames_removed
  File "<frozen importlib._bootstrap>", line 1050, in _gcd_import
  File "<frozen importlib._bootstrap>", line 1027, in _find_and_load
  File "<frozen importlib._bootstrap>", line 1004, in _find_and_load_unlocked
ModuleNotFoundError: No module named 'airflow.providers.mysql'
[2022-10-10T15:56:12.944+0600] {processor.py:770} WARNING - No viable dags retrieved from /d/Saima/Data-Engineering/Apache-Airflow/DAG/dags/aqm_etl_data_extractor_mariadb_column_store_part_2.py
[2022-10-10T15:56:12.973+0600] {processor.py:178} INFO - Processing /d/Saima/Data-Engineering/Apache-Airflow/DAG/dags/aqm_etl_data_extractor_mariadb_column_store_part_2.py took 0.051 seconds
[2022-10-10T15:56:43.477+0600] {processor.py:156} INFO - Started process (PID=480) to work on /d/Saima/Data-Engineering/Apache-Airflow/DAG/dags/aqm_etl_data_extractor_mariadb_column_store_part_2.py
[2022-10-10T15:56:43.479+0600] {processor.py:758} INFO - Processing file /d/Saima/Data-Engineering/Apache-Airflow/DAG/dags/aqm_etl_data_extractor_mariadb_column_store_part_2.py for tasks to queue
[2022-10-10T15:56:43.480+0600] {logging_mixin.py:117} INFO - [2022-10-10T15:56:43.480+0600] {dagbag.py:525} INFO - Filling up the DagBag from /d/Saima/Data-Engineering/Apache-Airflow/DAG/dags/aqm_etl_data_extractor_mariadb_column_store_part_2.py
[2022-10-10T15:56:43.506+0600] {logging_mixin.py:117} INFO - [2022-10-10T15:56:43.503+0600] {dagbag.py:330} ERROR - Failed to import: /d/Saima/Data-Engineering/Apache-Airflow/DAG/dags/aqm_etl_data_extractor_mariadb_column_store_part_2.py
Traceback (most recent call last):
  File "/home/saima/.local/lib/python3.10/site-packages/airflow/models/dagbag.py", line 326, in parse
    loader.exec_module(new_module)
  File "<frozen importlib._bootstrap_external>", line 883, in exec_module
  File "<frozen importlib._bootstrap>", line 241, in _call_with_frames_removed
  File "/d/Saima/Data-Engineering/Apache-Airflow/DAG/dags/aqm_etl_data_extractor_mariadb_column_store_part_2.py", line 9, in <module>
    from airflow.operators.mysql_operator import MySqlOperator
  File "/home/saima/.local/lib/python3.10/site-packages/airflow/utils/deprecation_tools.py", line 36, in getattr_with_deprecation
    return getattr(importlib.import_module(new_module), new_class_name)
  File "/usr/lib/python3.10/importlib/__init__.py", line 126, in import_module
    return _bootstrap._gcd_import(name[level:], package, level)
  File "<frozen importlib._bootstrap>", line 1050, in _gcd_import
  File "<frozen importlib._bootstrap>", line 1027, in _find_and_load
  File "<frozen importlib._bootstrap>", line 992, in _find_and_load_unlocked
  File "<frozen importlib._bootstrap>", line 241, in _call_with_frames_removed
  File "<frozen importlib._bootstrap>", line 1050, in _gcd_import
  File "<frozen importlib._bootstrap>", line 1027, in _find_and_load
  File "<frozen importlib._bootstrap>", line 992, in _find_and_load_unlocked
  File "<frozen importlib._bootstrap>", line 241, in _call_with_frames_removed
  File "<frozen importlib._bootstrap>", line 1050, in _gcd_import
  File "<frozen importlib._bootstrap>", line 1027, in _find_and_load
  File "<frozen importlib._bootstrap>", line 1004, in _find_and_load_unlocked
ModuleNotFoundError: No module named 'airflow.providers.mysql'
[2022-10-10T15:56:43.506+0600] {processor.py:770} WARNING - No viable dags retrieved from /d/Saima/Data-Engineering/Apache-Airflow/DAG/dags/aqm_etl_data_extractor_mariadb_column_store_part_2.py
[2022-10-10T15:56:43.528+0600] {processor.py:178} INFO - Processing /d/Saima/Data-Engineering/Apache-Airflow/DAG/dags/aqm_etl_data_extractor_mariadb_column_store_part_2.py took 0.059 seconds
[2022-10-10T15:57:13.850+0600] {processor.py:156} INFO - Started process (PID=504) to work on /d/Saima/Data-Engineering/Apache-Airflow/DAG/dags/aqm_etl_data_extractor_mariadb_column_store_part_2.py
[2022-10-10T15:57:13.851+0600] {processor.py:758} INFO - Processing file /d/Saima/Data-Engineering/Apache-Airflow/DAG/dags/aqm_etl_data_extractor_mariadb_column_store_part_2.py for tasks to queue
[2022-10-10T15:57:13.852+0600] {logging_mixin.py:117} INFO - [2022-10-10T15:57:13.852+0600] {dagbag.py:525} INFO - Filling up the DagBag from /d/Saima/Data-Engineering/Apache-Airflow/DAG/dags/aqm_etl_data_extractor_mariadb_column_store_part_2.py
[2022-10-10T15:57:13.873+0600] {logging_mixin.py:117} INFO - [2022-10-10T15:57:13.871+0600] {dagbag.py:330} ERROR - Failed to import: /d/Saima/Data-Engineering/Apache-Airflow/DAG/dags/aqm_etl_data_extractor_mariadb_column_store_part_2.py
Traceback (most recent call last):
  File "/home/saima/.local/lib/python3.10/site-packages/airflow/models/dagbag.py", line 326, in parse
    loader.exec_module(new_module)
  File "<frozen importlib._bootstrap_external>", line 883, in exec_module
  File "<frozen importlib._bootstrap>", line 241, in _call_with_frames_removed
  File "/d/Saima/Data-Engineering/Apache-Airflow/DAG/dags/aqm_etl_data_extractor_mariadb_column_store_part_2.py", line 9, in <module>
    from airflow.operators.mysql_operator import MySqlOperator
  File "/home/saima/.local/lib/python3.10/site-packages/airflow/utils/deprecation_tools.py", line 36, in getattr_with_deprecation
    return getattr(importlib.import_module(new_module), new_class_name)
  File "/usr/lib/python3.10/importlib/__init__.py", line 126, in import_module
    return _bootstrap._gcd_import(name[level:], package, level)
  File "<frozen importlib._bootstrap>", line 1050, in _gcd_import
  File "<frozen importlib._bootstrap>", line 1027, in _find_and_load
  File "<frozen importlib._bootstrap>", line 992, in _find_and_load_unlocked
  File "<frozen importlib._bootstrap>", line 241, in _call_with_frames_removed
  File "<frozen importlib._bootstrap>", line 1050, in _gcd_import
  File "<frozen importlib._bootstrap>", line 1027, in _find_and_load
  File "<frozen importlib._bootstrap>", line 992, in _find_and_load_unlocked
  File "<frozen importlib._bootstrap>", line 241, in _call_with_frames_removed
  File "<frozen importlib._bootstrap>", line 1050, in _gcd_import
  File "<frozen importlib._bootstrap>", line 1027, in _find_and_load
  File "<frozen importlib._bootstrap>", line 1004, in _find_and_load_unlocked
ModuleNotFoundError: No module named 'airflow.providers.mysql'
[2022-10-10T15:57:13.873+0600] {processor.py:770} WARNING - No viable dags retrieved from /d/Saima/Data-Engineering/Apache-Airflow/DAG/dags/aqm_etl_data_extractor_mariadb_column_store_part_2.py
[2022-10-10T15:57:13.897+0600] {processor.py:178} INFO - Processing /d/Saima/Data-Engineering/Apache-Airflow/DAG/dags/aqm_etl_data_extractor_mariadb_column_store_part_2.py took 0.052 seconds
[2022-10-10T15:57:44.551+0600] {processor.py:156} INFO - Started process (PID=528) to work on /d/Saima/Data-Engineering/Apache-Airflow/DAG/dags/aqm_etl_data_extractor_mariadb_column_store_part_2.py
[2022-10-10T15:57:44.554+0600] {processor.py:758} INFO - Processing file /d/Saima/Data-Engineering/Apache-Airflow/DAG/dags/aqm_etl_data_extractor_mariadb_column_store_part_2.py for tasks to queue
[2022-10-10T15:57:44.555+0600] {logging_mixin.py:117} INFO - [2022-10-10T15:57:44.555+0600] {dagbag.py:525} INFO - Filling up the DagBag from /d/Saima/Data-Engineering/Apache-Airflow/DAG/dags/aqm_etl_data_extractor_mariadb_column_store_part_2.py
[2022-10-10T15:57:44.602+0600] {logging_mixin.py:117} INFO - [2022-10-10T15:57:44.597+0600] {dagbag.py:330} ERROR - Failed to import: /d/Saima/Data-Engineering/Apache-Airflow/DAG/dags/aqm_etl_data_extractor_mariadb_column_store_part_2.py
Traceback (most recent call last):
  File "/home/saima/.local/lib/python3.10/site-packages/airflow/models/dagbag.py", line 326, in parse
    loader.exec_module(new_module)
  File "<frozen importlib._bootstrap_external>", line 883, in exec_module
  File "<frozen importlib._bootstrap>", line 241, in _call_with_frames_removed
  File "/d/Saima/Data-Engineering/Apache-Airflow/DAG/dags/aqm_etl_data_extractor_mariadb_column_store_part_2.py", line 9, in <module>
    from airflow.operators.mysql_operator import MySqlOperator
  File "/home/saima/.local/lib/python3.10/site-packages/airflow/utils/deprecation_tools.py", line 36, in getattr_with_deprecation
    return getattr(importlib.import_module(new_module), new_class_name)
  File "/usr/lib/python3.10/importlib/__init__.py", line 126, in import_module
    return _bootstrap._gcd_import(name[level:], package, level)
  File "<frozen importlib._bootstrap>", line 1050, in _gcd_import
  File "<frozen importlib._bootstrap>", line 1027, in _find_and_load
  File "<frozen importlib._bootstrap>", line 992, in _find_and_load_unlocked
  File "<frozen importlib._bootstrap>", line 241, in _call_with_frames_removed
  File "<frozen importlib._bootstrap>", line 1050, in _gcd_import
  File "<frozen importlib._bootstrap>", line 1027, in _find_and_load
  File "<frozen importlib._bootstrap>", line 992, in _find_and_load_unlocked
  File "<frozen importlib._bootstrap>", line 241, in _call_with_frames_removed
  File "<frozen importlib._bootstrap>", line 1050, in _gcd_import
  File "<frozen importlib._bootstrap>", line 1027, in _find_and_load
  File "<frozen importlib._bootstrap>", line 1004, in _find_and_load_unlocked
ModuleNotFoundError: No module named 'airflow.providers.mysql'
[2022-10-10T15:57:44.603+0600] {processor.py:770} WARNING - No viable dags retrieved from /d/Saima/Data-Engineering/Apache-Airflow/DAG/dags/aqm_etl_data_extractor_mariadb_column_store_part_2.py
[2022-10-10T15:57:44.631+0600] {processor.py:178} INFO - Processing /d/Saima/Data-Engineering/Apache-Airflow/DAG/dags/aqm_etl_data_extractor_mariadb_column_store_part_2.py took 0.089 seconds
[2022-10-10T15:58:15.117+0600] {processor.py:156} INFO - Started process (PID=552) to work on /d/Saima/Data-Engineering/Apache-Airflow/DAG/dags/aqm_etl_data_extractor_mariadb_column_store_part_2.py
[2022-10-10T15:58:15.118+0600] {processor.py:758} INFO - Processing file /d/Saima/Data-Engineering/Apache-Airflow/DAG/dags/aqm_etl_data_extractor_mariadb_column_store_part_2.py for tasks to queue
[2022-10-10T15:58:15.119+0600] {logging_mixin.py:117} INFO - [2022-10-10T15:58:15.119+0600] {dagbag.py:525} INFO - Filling up the DagBag from /d/Saima/Data-Engineering/Apache-Airflow/DAG/dags/aqm_etl_data_extractor_mariadb_column_store_part_2.py
[2022-10-10T15:58:15.139+0600] {logging_mixin.py:117} INFO - [2022-10-10T15:58:15.137+0600] {dagbag.py:330} ERROR - Failed to import: /d/Saima/Data-Engineering/Apache-Airflow/DAG/dags/aqm_etl_data_extractor_mariadb_column_store_part_2.py
Traceback (most recent call last):
  File "/home/saima/.local/lib/python3.10/site-packages/airflow/models/dagbag.py", line 326, in parse
    loader.exec_module(new_module)
  File "<frozen importlib._bootstrap_external>", line 883, in exec_module
  File "<frozen importlib._bootstrap>", line 241, in _call_with_frames_removed
  File "/d/Saima/Data-Engineering/Apache-Airflow/DAG/dags/aqm_etl_data_extractor_mariadb_column_store_part_2.py", line 9, in <module>
    from airflow.operators.mysql_operator import MySqlOperator
  File "/home/saima/.local/lib/python3.10/site-packages/airflow/utils/deprecation_tools.py", line 36, in getattr_with_deprecation
    return getattr(importlib.import_module(new_module), new_class_name)
  File "/usr/lib/python3.10/importlib/__init__.py", line 126, in import_module
    return _bootstrap._gcd_import(name[level:], package, level)
  File "<frozen importlib._bootstrap>", line 1050, in _gcd_import
  File "<frozen importlib._bootstrap>", line 1027, in _find_and_load
  File "<frozen importlib._bootstrap>", line 992, in _find_and_load_unlocked
  File "<frozen importlib._bootstrap>", line 241, in _call_with_frames_removed
  File "<frozen importlib._bootstrap>", line 1050, in _gcd_import
  File "<frozen importlib._bootstrap>", line 1027, in _find_and_load
  File "<frozen importlib._bootstrap>", line 992, in _find_and_load_unlocked
  File "<frozen importlib._bootstrap>", line 241, in _call_with_frames_removed
  File "<frozen importlib._bootstrap>", line 1050, in _gcd_import
  File "<frozen importlib._bootstrap>", line 1027, in _find_and_load
  File "<frozen importlib._bootstrap>", line 1004, in _find_and_load_unlocked
ModuleNotFoundError: No module named 'airflow.providers.mysql'
[2022-10-10T15:58:15.139+0600] {processor.py:770} WARNING - No viable dags retrieved from /d/Saima/Data-Engineering/Apache-Airflow/DAG/dags/aqm_etl_data_extractor_mariadb_column_store_part_2.py
[2022-10-10T15:58:15.163+0600] {processor.py:178} INFO - Processing /d/Saima/Data-Engineering/Apache-Airflow/DAG/dags/aqm_etl_data_extractor_mariadb_column_store_part_2.py took 0.051 seconds
[2022-10-10T15:58:46.341+0600] {processor.py:156} INFO - Started process (PID=576) to work on /d/Saima/Data-Engineering/Apache-Airflow/DAG/dags/aqm_etl_data_extractor_mariadb_column_store_part_2.py
[2022-10-10T15:58:46.342+0600] {processor.py:758} INFO - Processing file /d/Saima/Data-Engineering/Apache-Airflow/DAG/dags/aqm_etl_data_extractor_mariadb_column_store_part_2.py for tasks to queue
[2022-10-10T15:58:46.343+0600] {logging_mixin.py:117} INFO - [2022-10-10T15:58:46.343+0600] {dagbag.py:525} INFO - Filling up the DagBag from /d/Saima/Data-Engineering/Apache-Airflow/DAG/dags/aqm_etl_data_extractor_mariadb_column_store_part_2.py
[2022-10-10T15:58:46.363+0600] {logging_mixin.py:117} INFO - [2022-10-10T15:58:46.361+0600] {dagbag.py:330} ERROR - Failed to import: /d/Saima/Data-Engineering/Apache-Airflow/DAG/dags/aqm_etl_data_extractor_mariadb_column_store_part_2.py
Traceback (most recent call last):
  File "/home/saima/.local/lib/python3.10/site-packages/airflow/models/dagbag.py", line 326, in parse
    loader.exec_module(new_module)
  File "<frozen importlib._bootstrap_external>", line 883, in exec_module
  File "<frozen importlib._bootstrap>", line 241, in _call_with_frames_removed
  File "/d/Saima/Data-Engineering/Apache-Airflow/DAG/dags/aqm_etl_data_extractor_mariadb_column_store_part_2.py", line 9, in <module>
    from airflow.operators.mysql_operator import MySqlOperator
  File "/home/saima/.local/lib/python3.10/site-packages/airflow/utils/deprecation_tools.py", line 36, in getattr_with_deprecation
    return getattr(importlib.import_module(new_module), new_class_name)
  File "/usr/lib/python3.10/importlib/__init__.py", line 126, in import_module
    return _bootstrap._gcd_import(name[level:], package, level)
  File "<frozen importlib._bootstrap>", line 1050, in _gcd_import
  File "<frozen importlib._bootstrap>", line 1027, in _find_and_load
  File "<frozen importlib._bootstrap>", line 992, in _find_and_load_unlocked
  File "<frozen importlib._bootstrap>", line 241, in _call_with_frames_removed
  File "<frozen importlib._bootstrap>", line 1050, in _gcd_import
  File "<frozen importlib._bootstrap>", line 1027, in _find_and_load
  File "<frozen importlib._bootstrap>", line 992, in _find_and_load_unlocked
  File "<frozen importlib._bootstrap>", line 241, in _call_with_frames_removed
  File "<frozen importlib._bootstrap>", line 1050, in _gcd_import
  File "<frozen importlib._bootstrap>", line 1027, in _find_and_load
  File "<frozen importlib._bootstrap>", line 1004, in _find_and_load_unlocked
ModuleNotFoundError: No module named 'airflow.providers.mysql'
[2022-10-10T15:58:46.364+0600] {processor.py:770} WARNING - No viable dags retrieved from /d/Saima/Data-Engineering/Apache-Airflow/DAG/dags/aqm_etl_data_extractor_mariadb_column_store_part_2.py
[2022-10-10T15:58:46.386+0600] {processor.py:178} INFO - Processing /d/Saima/Data-Engineering/Apache-Airflow/DAG/dags/aqm_etl_data_extractor_mariadb_column_store_part_2.py took 0.049 seconds
