[2022-10-10T15:56:01.170+0600] {processor.py:156} INFO - Started process (PID=450) to work on /d/Saima/Data-Engineering/Apache-Airflow/DAG/dags/core_concepts.py
[2022-10-10T15:56:01.173+0600] {processor.py:758} INFO - Processing file /d/Saima/Data-Engineering/Apache-Airflow/DAG/dags/core_concepts.py for tasks to queue
[2022-10-10T15:56:01.174+0600] {logging_mixin.py:117} INFO - [2022-10-10T15:56:01.174+0600] {dagbag.py:525} INFO - Filling up the DagBag from /d/Saima/Data-Engineering/Apache-Airflow/DAG/dags/core_concepts.py
[2022-10-10T15:56:01.215+0600] {processor.py:768} INFO - DAG(s) dict_keys(['core_concepts']) retrieved from /d/Saima/Data-Engineering/Apache-Airflow/DAG/dags/core_concepts.py
[2022-10-10T15:56:01.381+0600] {logging_mixin.py:117} INFO - [2022-10-10T15:56:01.381+0600] {manager.py:507} INFO - Created Permission View: can read on DAG:core_concepts
[2022-10-10T15:56:01.392+0600] {logging_mixin.py:117} INFO - [2022-10-10T15:56:01.392+0600] {manager.py:507} INFO - Created Permission View: can edit on DAG:core_concepts
[2022-10-10T15:56:01.413+0600] {logging_mixin.py:117} INFO - [2022-10-10T15:56:01.413+0600] {manager.py:507} INFO - Created Permission View: can delete on DAG:core_concepts
[2022-10-10T15:56:01.413+0600] {logging_mixin.py:117} INFO - [2022-10-10T15:56:01.413+0600] {dag.py:2573} INFO - Sync 1 DAGs
[2022-10-10T15:56:01.421+0600] {logging_mixin.py:117} INFO - [2022-10-10T15:56:01.421+0600] {dag.py:2594} INFO - Creating ORM DAG for core_concepts
[2022-10-10T15:56:01.427+0600] {logging_mixin.py:117} INFO - [2022-10-10T15:56:01.426+0600] {dag.py:3324} INFO - Setting next_dagrun for core_concepts to None, run_after=None
[2022-10-10T15:56:01.453+0600] {processor.py:178} INFO - Processing /d/Saima/Data-Engineering/Apache-Airflow/DAG/dags/core_concepts.py took 0.291 seconds
[2022-10-10T15:56:32.133+0600] {processor.py:156} INFO - Started process (PID=474) to work on /d/Saima/Data-Engineering/Apache-Airflow/DAG/dags/core_concepts.py
[2022-10-10T15:56:32.134+0600] {processor.py:758} INFO - Processing file /d/Saima/Data-Engineering/Apache-Airflow/DAG/dags/core_concepts.py for tasks to queue
[2022-10-10T15:56:32.134+0600] {logging_mixin.py:117} INFO - [2022-10-10T15:56:32.134+0600] {dagbag.py:525} INFO - Filling up the DagBag from /d/Saima/Data-Engineering/Apache-Airflow/DAG/dags/core_concepts.py
[2022-10-10T15:56:32.164+0600] {processor.py:768} INFO - DAG(s) dict_keys(['core_concepts']) retrieved from /d/Saima/Data-Engineering/Apache-Airflow/DAG/dags/core_concepts.py
[2022-10-10T15:56:32.188+0600] {logging_mixin.py:117} INFO - [2022-10-10T15:56:32.188+0600] {dag.py:2573} INFO - Sync 1 DAGs
[2022-10-10T15:56:32.204+0600] {logging_mixin.py:117} INFO - [2022-10-10T15:56:32.204+0600] {dag.py:3324} INFO - Setting next_dagrun for core_concepts to None, run_after=None
[2022-10-10T15:56:32.231+0600] {processor.py:178} INFO - Processing /d/Saima/Data-Engineering/Apache-Airflow/DAG/dags/core_concepts.py took 0.102 seconds
[2022-10-10T15:57:03.367+0600] {processor.py:156} INFO - Started process (PID=498) to work on /d/Saima/Data-Engineering/Apache-Airflow/DAG/dags/core_concepts.py
[2022-10-10T15:57:03.368+0600] {processor.py:758} INFO - Processing file /d/Saima/Data-Engineering/Apache-Airflow/DAG/dags/core_concepts.py for tasks to queue
[2022-10-10T15:57:03.369+0600] {logging_mixin.py:117} INFO - [2022-10-10T15:57:03.369+0600] {dagbag.py:525} INFO - Filling up the DagBag from /d/Saima/Data-Engineering/Apache-Airflow/DAG/dags/core_concepts.py
[2022-10-10T15:57:03.398+0600] {processor.py:768} INFO - DAG(s) dict_keys(['core_concepts']) retrieved from /d/Saima/Data-Engineering/Apache-Airflow/DAG/dags/core_concepts.py
[2022-10-10T15:57:03.423+0600] {logging_mixin.py:117} INFO - [2022-10-10T15:57:03.423+0600] {dag.py:2573} INFO - Sync 1 DAGs
[2022-10-10T15:57:03.437+0600] {logging_mixin.py:117} INFO - [2022-10-10T15:57:03.437+0600] {dag.py:3324} INFO - Setting next_dagrun for core_concepts to None, run_after=None
[2022-10-10T15:57:03.468+0600] {processor.py:178} INFO - Processing /d/Saima/Data-Engineering/Apache-Airflow/DAG/dags/core_concepts.py took 0.104 seconds
[2022-10-10T15:57:34.229+0600] {processor.py:156} INFO - Started process (PID=522) to work on /d/Saima/Data-Engineering/Apache-Airflow/DAG/dags/core_concepts.py
[2022-10-10T15:57:34.230+0600] {processor.py:758} INFO - Processing file /d/Saima/Data-Engineering/Apache-Airflow/DAG/dags/core_concepts.py for tasks to queue
[2022-10-10T15:57:34.231+0600] {logging_mixin.py:117} INFO - [2022-10-10T15:57:34.230+0600] {dagbag.py:525} INFO - Filling up the DagBag from /d/Saima/Data-Engineering/Apache-Airflow/DAG/dags/core_concepts.py
[2022-10-10T15:57:34.260+0600] {processor.py:768} INFO - DAG(s) dict_keys(['core_concepts']) retrieved from /d/Saima/Data-Engineering/Apache-Airflow/DAG/dags/core_concepts.py
[2022-10-10T15:57:34.285+0600] {logging_mixin.py:117} INFO - [2022-10-10T15:57:34.285+0600] {dag.py:2573} INFO - Sync 1 DAGs
[2022-10-10T15:57:34.299+0600] {logging_mixin.py:117} INFO - [2022-10-10T15:57:34.299+0600] {dag.py:3324} INFO - Setting next_dagrun for core_concepts to None, run_after=None
[2022-10-10T15:57:34.330+0600] {processor.py:178} INFO - Processing /d/Saima/Data-Engineering/Apache-Airflow/DAG/dags/core_concepts.py took 0.105 seconds
[2022-10-10T15:58:04.826+0600] {processor.py:156} INFO - Started process (PID=546) to work on /d/Saima/Data-Engineering/Apache-Airflow/DAG/dags/core_concepts.py
[2022-10-10T15:58:04.828+0600] {processor.py:758} INFO - Processing file /d/Saima/Data-Engineering/Apache-Airflow/DAG/dags/core_concepts.py for tasks to queue
[2022-10-10T15:58:04.828+0600] {logging_mixin.py:117} INFO - [2022-10-10T15:58:04.828+0600] {dagbag.py:525} INFO - Filling up the DagBag from /d/Saima/Data-Engineering/Apache-Airflow/DAG/dags/core_concepts.py
[2022-10-10T15:58:04.858+0600] {processor.py:768} INFO - DAG(s) dict_keys(['core_concepts']) retrieved from /d/Saima/Data-Engineering/Apache-Airflow/DAG/dags/core_concepts.py
[2022-10-10T15:58:04.884+0600] {logging_mixin.py:117} INFO - [2022-10-10T15:58:04.884+0600] {dag.py:2573} INFO - Sync 1 DAGs
[2022-10-10T15:58:04.899+0600] {logging_mixin.py:117} INFO - [2022-10-10T15:58:04.899+0600] {dag.py:3324} INFO - Setting next_dagrun for core_concepts to None, run_after=None
[2022-10-10T15:58:04.928+0600] {processor.py:178} INFO - Processing /d/Saima/Data-Engineering/Apache-Airflow/DAG/dags/core_concepts.py took 0.106 seconds
[2022-10-10T15:58:35.457+0600] {processor.py:156} INFO - Started process (PID=570) to work on /d/Saima/Data-Engineering/Apache-Airflow/DAG/dags/core_concepts.py
[2022-10-10T15:58:35.458+0600] {processor.py:758} INFO - Processing file /d/Saima/Data-Engineering/Apache-Airflow/DAG/dags/core_concepts.py for tasks to queue
[2022-10-10T15:58:35.458+0600] {logging_mixin.py:117} INFO - [2022-10-10T15:58:35.458+0600] {dagbag.py:525} INFO - Filling up the DagBag from /d/Saima/Data-Engineering/Apache-Airflow/DAG/dags/core_concepts.py
[2022-10-10T15:58:35.493+0600] {processor.py:768} INFO - DAG(s) dict_keys(['core_concepts']) retrieved from /d/Saima/Data-Engineering/Apache-Airflow/DAG/dags/core_concepts.py
[2022-10-10T15:58:35.527+0600] {logging_mixin.py:117} INFO - [2022-10-10T15:58:35.527+0600] {dag.py:2573} INFO - Sync 1 DAGs
[2022-10-10T15:58:35.546+0600] {logging_mixin.py:117} INFO - [2022-10-10T15:58:35.546+0600] {dag.py:3324} INFO - Setting next_dagrun for core_concepts to None, run_after=None
[2022-10-10T15:58:35.581+0600] {processor.py:178} INFO - Processing /d/Saima/Data-Engineering/Apache-Airflow/DAG/dags/core_concepts.py took 0.129 seconds
[2022-10-10T15:59:06.000+0600] {processor.py:156} INFO - Started process (PID=594) to work on /d/Saima/Data-Engineering/Apache-Airflow/DAG/dags/core_concepts.py
[2022-10-10T15:59:06.001+0600] {processor.py:758} INFO - Processing file /d/Saima/Data-Engineering/Apache-Airflow/DAG/dags/core_concepts.py for tasks to queue
[2022-10-10T15:59:06.002+0600] {logging_mixin.py:117} INFO - [2022-10-10T15:59:06.002+0600] {dagbag.py:525} INFO - Filling up the DagBag from /d/Saima/Data-Engineering/Apache-Airflow/DAG/dags/core_concepts.py
[2022-10-10T15:59:06.033+0600] {processor.py:768} INFO - DAG(s) dict_keys(['core_concepts']) retrieved from /d/Saima/Data-Engineering/Apache-Airflow/DAG/dags/core_concepts.py
[2022-10-10T15:59:06.062+0600] {logging_mixin.py:117} INFO - [2022-10-10T15:59:06.062+0600] {dag.py:2573} INFO - Sync 1 DAGs
[2022-10-10T15:59:06.077+0600] {logging_mixin.py:117} INFO - [2022-10-10T15:59:06.077+0600] {dag.py:3324} INFO - Setting next_dagrun for core_concepts to None, run_after=None
[2022-10-10T15:59:06.109+0600] {processor.py:178} INFO - Processing /d/Saima/Data-Engineering/Apache-Airflow/DAG/dags/core_concepts.py took 0.112 seconds
